${MEISHAV100_ROOT}/hw/d2dv100_top/rtl/ip/common_cells-1.31.1/include/common_cells/registers.svh
${MEISHAV100_ROOT}/hw/d2dv100_top/rtl/ip/common_cells-1.31.1/include/common_cells/assertions.svh
${MEISHAV100_ROOT}/hw/d2dv100_top/rtl/ip/common_cells-1.31.1/src/binary_to_gray.sv
${MEISHAV100_ROOT}/hw/d2dv100_top/rtl/ip/common_cells-1.31.1/src/cb_filter_pkg.sv
${MEISHAV100_ROOT}/hw/d2dv100_top/rtl/ip/common_cells-1.31.1/src/cc_onehot.sv
${MEISHAV100_ROOT}/hw/d2dv100_top/rtl/ip/common_cells-1.31.1/src/cf_math_pkg.sv
${MEISHAV100_ROOT}/hw/d2dv100_top/rtl/ip/common_cells-1.31.1/src/clk_int_div.sv
${MEISHAV100_ROOT}/hw/d2dv100_top/rtl/ip/common_cells-1.31.1/src/delta_counter.sv
${MEISHAV100_ROOT}/hw/d2dv100_top/rtl/ip/common_cells-1.31.1/src/ecc_pkg.sv
${MEISHAV100_ROOT}/hw/d2dv100_top/rtl/ip/common_cells-1.31.1/src/edge_propagator_tx.sv
${MEISHAV100_ROOT}/hw/d2dv100_top/rtl/ip/common_cells-1.31.1/src/exp_backoff.sv
${MEISHAV100_ROOT}/hw/d2dv100_top/rtl/ip/common_cells-1.31.1/src/fifo_v3.sv
${MEISHAV100_ROOT}/hw/d2dv100_top/rtl/ip/common_cells-1.31.1/src/gray_to_binary.sv
${MEISHAV100_ROOT}/hw/d2dv100_top/rtl/ip/common_cells-1.31.1/src/isochronous_4phase_handshake.sv
${MEISHAV100_ROOT}/hw/d2dv100_top/rtl/ip/common_cells-1.31.1/src/isochronous_spill_register.sv
${MEISHAV100_ROOT}/hw/d2dv100_top/rtl/ip/common_cells-1.31.1/src/lfsr.sv
${MEISHAV100_ROOT}/hw/d2dv100_top/rtl/ip/common_cells-1.31.1/src/lfsr_16bit.sv
${MEISHAV100_ROOT}/hw/d2dv100_top/rtl/ip/common_cells-1.31.1/src/lfsr_8bit.sv
${MEISHAV100_ROOT}/hw/d2dv100_top/rtl/ip/common_cells-1.31.1/src/mv_filter.sv
${MEISHAV100_ROOT}/hw/d2dv100_top/rtl/ip/common_cells-1.31.1/src/onehot_to_bin.sv
${MEISHAV100_ROOT}/hw/d2dv100_top/rtl/ip/common_cells-1.31.1/src/plru_tree.sv
${MEISHAV100_ROOT}/hw/d2dv100_top/rtl/ip/common_cells-1.31.1/src/popcount.sv
${MEISHAV100_ROOT}/hw/d2dv100_top/rtl/ip/common_cells-1.31.1/src/rr_arb_tree.sv
${MEISHAV100_ROOT}/hw/d2dv100_top/rtl/ip/common_cells-1.31.1/src/rstgen_bypass.sv
${MEISHAV100_ROOT}/hw/d2dv100_top/rtl/ip/common_cells-1.31.1/src/serial_deglitch.sv
${MEISHAV100_ROOT}/hw/d2dv100_top/rtl/ip/common_cells-1.31.1/src/shift_reg.sv
${MEISHAV100_ROOT}/hw/d2dv100_top/rtl/ip/common_cells-1.31.1/src/shift_reg_gated.sv
${MEISHAV100_ROOT}/hw/d2dv100_top/rtl/ip/common_cells-1.31.1/src/spill_register_flushable.sv
${MEISHAV100_ROOT}/hw/d2dv100_top/rtl/ip/common_cells-1.31.1/src/stream_demux.sv
${MEISHAV100_ROOT}/hw/d2dv100_top/rtl/ip/common_cells-1.31.1/src/stream_filter.sv
${MEISHAV100_ROOT}/hw/d2dv100_top/rtl/ip/common_cells-1.31.1/src/stream_fork.sv
${MEISHAV100_ROOT}/hw/d2dv100_top/rtl/ip/common_cells-1.31.1/src/stream_intf.sv
${MEISHAV100_ROOT}/hw/d2dv100_top/rtl/ip/common_cells-1.31.1/src/stream_join.sv
${MEISHAV100_ROOT}/hw/d2dv100_top/rtl/ip/common_cells-1.31.1/src/stream_mux.sv
${MEISHAV100_ROOT}/hw/d2dv100_top/rtl/ip/common_cells-1.31.1/src/stream_throttle.sv
${MEISHAV100_ROOT}/hw/d2dv100_top/rtl/ip/common_cells-1.31.1/src/sub_per_hash.sv
${MEISHAV100_ROOT}/hw/d2dv100_top/rtl/ip/common_cells-1.31.1/src/sync.sv
${MEISHAV100_ROOT}/hw/d2dv100_top/rtl/ip/common_cells-1.31.1/src/sync_wedge.sv
${MEISHAV100_ROOT}/hw/d2dv100_top/rtl/ip/common_cells-1.31.1/src/unread.sv
${MEISHAV100_ROOT}/hw/d2dv100_top/rtl/ip/common_cells-1.31.1/src/read.sv
${MEISHAV100_ROOT}/hw/d2dv100_top/rtl/ip/common_cells-1.31.1/src/cdc_reset_ctrlr_pkg.sv
${MEISHAV100_ROOT}/hw/d2dv100_top/rtl/ip/common_cells-1.31.1/src/cdc_2phase.sv
${MEISHAV100_ROOT}/hw/d2dv100_top/rtl/ip/common_cells-1.31.1/src/cdc_4phase.sv
${MEISHAV100_ROOT}/hw/d2dv100_top/rtl/ip/common_cells-1.31.1/src/addr_decode.sv
${MEISHAV100_ROOT}/hw/d2dv100_top/rtl/ip/common_cells-1.31.1/src/addr_decode_napot.sv
${MEISHAV100_ROOT}/hw/d2dv100_top/rtl/ip/common_cells-1.31.1/src/cb_filter.sv
${MEISHAV100_ROOT}/hw/d2dv100_top/rtl/ip/common_cells-1.31.1/src/cdc_fifo_2phase.sv
${MEISHAV100_ROOT}/hw/d2dv100_top/rtl/ip/common_cells-1.31.1/src/counter.sv
${MEISHAV100_ROOT}/hw/d2dv100_top/rtl/ip/common_cells-1.31.1/src/ecc_decode.sv
${MEISHAV100_ROOT}/hw/d2dv100_top/rtl/ip/common_cells-1.31.1/src/ecc_encode.sv
${MEISHAV100_ROOT}/hw/d2dv100_top/rtl/ip/common_cells-1.31.1/src/edge_detect.sv
${MEISHAV100_ROOT}/hw/d2dv100_top/rtl/ip/common_cells-1.31.1/src/lzc.sv
${MEISHAV100_ROOT}/hw/d2dv100_top/rtl/ip/common_cells-1.31.1/src/max_counter.sv
${MEISHAV100_ROOT}/hw/d2dv100_top/rtl/ip/common_cells-1.31.1/src/rstgen.sv
${MEISHAV100_ROOT}/hw/d2dv100_top/rtl/ip/common_cells-1.31.1/src/spill_register.sv
${MEISHAV100_ROOT}/hw/d2dv100_top/rtl/ip/common_cells-1.31.1/src/stream_delay.sv
${MEISHAV100_ROOT}/hw/d2dv100_top/rtl/ip/common_cells-1.31.1/src/stream_fifo.sv
${MEISHAV100_ROOT}/hw/d2dv100_top/rtl/ip/common_cells-1.31.1/src/stream_fork_dynamic.sv
${MEISHAV100_ROOT}/hw/d2dv100_top/rtl/ip/common_cells-1.31.1/src/clk_mux_glitch_free.sv
${MEISHAV100_ROOT}/hw/d2dv100_top/rtl/ip/common_cells-1.31.1/src/cdc_reset_ctrlr.sv
${MEISHAV100_ROOT}/hw/d2dv100_top/rtl/ip/common_cells-1.31.1/src/cdc_fifo_gray.sv
${MEISHAV100_ROOT}/hw/d2dv100_top/rtl/ip/common_cells-1.31.1/src/fall_through_register.sv
${MEISHAV100_ROOT}/hw/d2dv100_top/rtl/ip/common_cells-1.31.1/src/id_queue.sv
${MEISHAV100_ROOT}/hw/d2dv100_top/rtl/ip/common_cells-1.31.1/src/stream_to_mem.sv
${MEISHAV100_ROOT}/hw/d2dv100_top/rtl/ip/common_cells-1.31.1/src/stream_arbiter_flushable.sv
${MEISHAV100_ROOT}/hw/d2dv100_top/rtl/ip/common_cells-1.31.1/src/stream_fifo_optimal_wrap.sv
${MEISHAV100_ROOT}/hw/d2dv100_top/rtl/ip/common_cells-1.31.1/src/stream_register.sv
${MEISHAV100_ROOT}/hw/d2dv100_top/rtl/ip/common_cells-1.31.1/src/stream_xbar.sv
${MEISHAV100_ROOT}/hw/d2dv100_top/rtl/ip/common_cells-1.31.1/src/cdc_fifo_gray_clearable.sv
${MEISHAV100_ROOT}/hw/d2dv100_top/rtl/ip/common_cells-1.31.1/src/cdc_2phase_clearable.sv
${MEISHAV100_ROOT}/hw/d2dv100_top/rtl/ip/common_cells-1.31.1/src/mem_to_banks_detailed.sv
${MEISHAV100_ROOT}/hw/d2dv100_top/rtl/ip/common_cells-1.31.1/src/stream_arbiter.sv
${MEISHAV100_ROOT}/hw/d2dv100_top/rtl/ip/common_cells-1.31.1/src/stream_omega_net.sv
${MEISHAV100_ROOT}/hw/d2dv100_top/rtl/ip/common_cells-1.31.1/src/mem_to_banks.sv